[0mGET / [32m200 [0m377.538 ms - 665[0m
[0mGET /stylesheets/style.css [36m304 [0m1.912 ms - -[0m
[0mGET / [36m304 [0m18.111 ms - -[0m
[0mGET /stylesheets/style.css [36m304 [0m0.427 ms - -[0m
[0mGET / [36m304 [0m25.933 ms - -[0m
[0mGET /stylesheets/style.css [36m304 [0m0.415 ms - -[0m
[0mGET / [36m304 [0m20.047 ms - -[0m
[0mGET /stylesheets/style.css [36m304 [0m0.401 ms - -[0m
[0mGET / [36m304 [0m25.532 ms - -[0m
[0mGET /stylesheets/style.css [36m304 [0m0.537 ms - -[0m
[0mGET / [36m304 [0m22.431 ms - -[0m
[0mGET /stylesheets/style.css [36m304 [0m0.424 ms - -[0m
[0mGET / [32m200 [0m288.026 ms - 665[0m
[0mGET /stylesheets/style.css [36m304 [0m1.715 ms - -[0m
[0mGET / [36m304 [0m16.242 ms - -[0m
[0mGET /stylesheets/style.css [36m304 [0m0.412 ms - -[0m
[0mGET / [36m304 [0m29.050 ms - -[0m
[0mGET /stylesheets/style.css [36m304 [0m0.406 ms - -[0m
[0mGET / [32m200 [0m272.023 ms - 665[0m
[0mGET /stylesheets/style.css [36m304 [0m1.256 ms - -[0m
[0mGET /blogList [32m200 [0m19.198 ms - 648[0m
[0mGET /stylesheets/style.css [36m304 [0m0.436 ms - -[0m
[0mGET /blogAdd [32m200 [0m25.207 ms - 646[0m
[0mGET /stylesheets/style.css [36m304 [0m0.869 ms - -[0m
[0mGET / [36m304 [0m25.084 ms - -[0m
[0mGET /stylesheets/style.css [36m304 [0m0.798 ms - -[0m
[0mGET / [36m304 [0m18.652 ms - -[0m
[0mGET /stylesheets/style.css [36m304 [0m0.629 ms - -[0m
[0mGET / [36m304 [0m24.196 ms - -[0m
[0mGET /stylesheets/style.css [36m304 [0m0.410 ms - -[0m
[0mGET /blogList [36m304 [0m12.309 ms - -[0m
[0mGET /stylesheets/style.css [36m304 [0m0.560 ms - -[0m
[0mGET /blogAdd [36m304 [0m16.611 ms - -[0m
[0mGET /stylesheets/style.css [36m304 [0m0.528 ms - -[0m
[0mGET /blogList [36m304 [0m17.325 ms - -[0m
[0mGET /stylesheets/style.css [36m304 [0m0.577 ms - -[0m
[0mGET / [36m304 [0m13.369 ms - -[0m
[0mGET /stylesheets/style.css [36m304 [0m1.027 ms - -[0m
[0mGET /blogList [36m304 [0m12.857 ms - -[0m
[0mGET /stylesheets/style.css [36m304 [0m0.419 ms - -[0m
[0mGET /blogAdd [36m304 [0m13.857 ms - -[0m
[0mGET /stylesheets/style.css [36m304 [0m0.409 ms - -[0m
[0mGET /blogAdd [36m304 [0m12.802 ms - -[0m
[0mGET /stylesheets/style.css [36m304 [0m0.492 ms - -[0m
[0mGET /blogList [36m304 [0m11.997 ms - -[0m
[0mGET /stylesheets/style.css [36m304 [0m0.414 ms - -[0m
[0mGET /blogAdd [36m304 [0m13.151 ms - -[0m
[0mGET /stylesheets/style.css [36m304 [0m0.530 ms - -[0m
[0mGET /blogList [36m304 [0m21.611 ms - -[0m
[0mGET /stylesheets/style.css [36m304 [0m0.400 ms - -[0m
[0mGET / [36m304 [0m11.655 ms - -[0m
[0mGET /stylesheets/style.css [36m304 [0m0.404 ms - -[0m
[0mGET / [32m200 [0m265.862 ms - 665[0m
[0mGET /stylesheets/style.css [36m304 [0m1.230 ms - -[0m
[0mGET /blogList [36m304 [0m23.884 ms - -[0m
[0mGET /stylesheets/style.css [36m304 [0m0.975 ms - -[0m
[0mGET /blogAdd [36m304 [0m31.600 ms - -[0m
[0mGET /stylesheets/style.css [36m304 [0m0.627 ms - -[0m
[0mGET /blogAdd [36m304 [0m24.232 ms - -[0m
[0mGET /stylesheets/style.css [36m304 [0m0.787 ms - -[0m
[0mGET /blogAdd [36m304 [0m15.981 ms - -[0m
[0mGET /stylesheets/style.css [36m304 [0m0.637 ms - -[0m
[0mGET /blogList [36m304 [0m17.745 ms - -[0m
[0mGET /stylesheets/style.css [36m304 [0m0.569 ms - -[0m
[0mGET /blogAdd [36m304 [0m10.998 ms - -[0m
[0mGET /stylesheets/style.css [36m304 [0m0.548 ms - -[0m
[0mGET /blogList [36m304 [0m13.047 ms - -[0m
[0mGET /stylesheets/style.css [36m304 [0m0.705 ms - -[0m
[0mGET /blogAdd [36m304 [0m17.204 ms - -[0m
[0mGET /stylesheets/style.css [36m304 [0m0.607 ms - -[0m
[0mGET /blogList [36m304 [0m12.300 ms - -[0m
[0mGET /stylesheets/style.css [36m304 [0m0.551 ms - -[0m
[0mGET /blogAdd [36m304 [0m16.168 ms - -[0m
[0mGET /stylesheets/style.css [36m304 [0m0.512 ms - -[0m
[0mGET / [36m304 [0m10.485 ms - -[0m
[0mGET /stylesheets/style.css [36m304 [0m0.458 ms - -[0m
[0mGET /blogList [36m304 [0m23.832 ms - -[0m
[0mGET /stylesheets/style.css [36m304 [0m0.497 ms - -[0m
[0mGET /blogAdd [36m304 [0m12.420 ms - -[0m
[0mGET /stylesheets/style.css [36m304 [0m0.452 ms - -[0m
[0mGET / [36m304 [0m11.409 ms - -[0m
[0mGET /stylesheets/style.css [36m304 [0m0.404 ms - -[0m
[0mGET /blogList [36m304 [0m33.551 ms - -[0m
[0mGET /stylesheets/style.css [36m304 [0m0.403 ms - -[0m
[0mGET /blogAdd [36m304 [0m14.112 ms - -[0m
[0mGET /stylesheets/style.css [36m304 [0m0.390 ms - -[0m
[0mGET / [36m304 [0m11.321 ms - -[0m
[0mGET /stylesheets/style.css [36m304 [0m0.623 ms - -[0m
[0mGET /.env [33m404 [0m12.439 ms - 1470[0m
[0mPOST / [33m404 [0m40.253 ms - 1470[0m
[0mGET /.env [33m404 [0m12.302 ms - 1470[0m
[0mPOST / [33m404 [0m43.236 ms - 1470[0m
[0mGET / [32m200 [0m16.228 ms - 665[0m
[0mGET /form.html [33m404 [0m10.384 ms - 1470[0m
[0mGET /upl.php [33m404 [0m9.965 ms - 1470[0m
[0mGET /geoip/ [33m404 [0m10.756 ms - 1470[0m
[0mGET /favicon.ico [33m404 [0m12.018 ms - 1470[0m
[0mGET /1.php [33m404 [0m8.973 ms - 1470[0m
[0mGET /bundle.js [33m404 [0m8.822 ms - 1470[0m
[0mGET /files/ [33m404 [0m8.922 ms - 1470[0m
[0mGET /systembc/password.php [33m404 [0m9.048 ms - 1470[0m
[0mGET /password.php [33m404 [0m8.415 ms - 1470[0m
[0mGET /info.php [33m404 [0m9.477 ms - 1470[0m
[0mGET / [36m304 [0m7.578 ms - -[0m
[0mGET /stylesheets/style.css [36m304 [0m0.402 ms - -[0m
[0mGET / [36m304 [0m9.881 ms - -[0m
[0mGET /stylesheets/style.css [36m304 [0m0.547 ms - -[0m
[0mGET /blogList [36m304 [0m6.859 ms - -[0m
[0mGET /stylesheets/style.css [36m304 [0m0.616 ms - -[0m
[0mGET /blogAdd [36m304 [0m11.047 ms - -[0m
[0mGET /stylesheets/style.css [36m304 [0m0.405 ms - -[0m
[0mGET /blogList [36m304 [0m8.243 ms - -[0m
[0mGET /stylesheets/style.css [36m304 [0m0.445 ms - -[0m
[0mGET /blogList [36m304 [0m11.933 ms - -[0m
[0mGET /stylesheets/style.css [36m304 [0m0.429 ms - -[0m
[0mGET /blogAdd [36m304 [0m8.834 ms - -[0m
[0mGET /stylesheets/style.css [36m304 [0m0.397 ms - -[0m
[0mGET / [36m304 [0m6.655 ms - -[0m
[0mGET /stylesheets/style.css [36m304 [0m0.408 ms - -[0m
[0mGET /blogAdd [36m304 [0m9.521 ms - -[0m
[0mGET /stylesheets/style.css [36m304 [0m0.372 ms - -[0m
[0mGET /blogList [36m304 [0m8.908 ms - -[0m
[0mGET /stylesheets/style.css [36m304 [0m0.410 ms - -[0m
[0mGET / [36m304 [0m9.689 ms - -[0m
[0mGET /stylesheets/style.css [36m304 [0m0.443 ms - -[0m
[0mGET /blogList [36m304 [0m9.338 ms - -[0m
[0mGET /stylesheets/style.css [36m304 [0m0.402 ms - -[0m
[0mGET /blogAdd [36m304 [0m6.711 ms - -[0m
[0mGET /stylesheets/style.css [36m304 [0m0.445 ms - -[0m
[0mGET / [32m200 [0m7.320 ms - 665[0m
[0mGET /favicon.ico [33m404 [0m10.654 ms - 1470[0m
[0mGET /favicon.ico [33m404 [0m15.012 ms - 1470[0m
[0mGET /favicon.ico [33m404 [0m8.364 ms - 1470[0m
[0mGET / [32m200 [0m7.266 ms - 665[0m
[0mGET /cf_scripts/scripts/ajax/ckeditor/ckeditor.js [33m404 [0m7.212 ms - 1470[0m
[0mGET / [32m200 [0m12.247 ms - 665[0m
[0mGET / [32m200 [0m7.159 ms - 665[0m
[0mGET / [32m200 [0m13.708 ms - 665[0m
[0mGET /.env [33m404 [0m10.907 ms - 1470[0m
[0mGET /.env [33m404 [0m7.031 ms - 1470[0m
[0mPOST / [33m404 [0m7.869 ms - 1470[0m
[0mGET / [36m304 [0m17.195 ms - -[0m
[0mGET /stylesheets/style.css [36m304 [0m0.376 ms - -[0m
[0mGET /blogList [36m304 [0m9.294 ms - -[0m
[0mGET /stylesheets/style.css [36m304 [0m0.383 ms - -[0m
[0mGET /blogAdd [36m304 [0m9.712 ms - -[0m
[0mGET /stylesheets/style.css [36m304 [0m0.401 ms - -[0m
[0mGET /blogList [36m304 [0m8.575 ms - -[0m
[0mGET /stylesheets/style.css [36m304 [0m0.401 ms - -[0m
[0mGET / [36m304 [0m9.072 ms - -[0m
[0mGET /stylesheets/style.css [36m304 [0m0.388 ms - -[0m
[0mGET / [32m200 [0m8.117 ms - 665[0m
[0mPOST /HNAP1/ [33m404 [0m7.792 ms - 1470[0m
[0mGET /.env [33m404 [0m9.360 ms - 1470[0m
[0mPOST / [33m404 [0m13.391 ms - 1470[0m
[0mGET / [32m200 [0m11.864 ms - 665[0m
[0mPOST /boaform/admin/formLogin [33m404 [0m7.635 ms - 1470[0m
[0mGET / [32m200 [0m10.152 ms - 665[0m
[0mGET / [32m200 [0m7.481 ms - 665[0m
[0mGET /.env [33m404 [0m9.468 ms - 1470[0m
[0mPOST / [33m404 [0m17.712 ms - 1470[0m
[0mGET / [32m200 [0m12.099 ms - 665[0m
[0mGET / [32m200 [0m7.126 ms - 665[0m
[0mGET /.env [33m404 [0m7.656 ms - 1470[0m
[0mPOST / [33m404 [0m10.184 ms - 1470[0m
[0mGET /.env [33m404 [0m7.582 ms - 1470[0m
[0mPOST / [33m404 [0m9.978 ms - 1470[0m
[0mGET /.env [33m404 [0m9.237 ms - 1470[0m
[0mPOST / [33m404 [0m8.733 ms - 1470[0m
[0mGET /.env [33m404 [0m7.585 ms - 1470[0m
[0mGET /.env [33m404 [0m8.674 ms - 1470[0m
[0mPOST / [33m404 [0m9.896 ms - 1470[0m
[0mHEAD /.env [33m404 [0m9.612 ms - 1470[0m
[0mGET / [32m200 [0m6.460 ms - 665[0m
[0mGET / [32m200 [0m9.107 ms - 665[0m
[0mGET /.env [33m404 [0m9.667 ms - 1470[0m
[0mPOST / [33m404 [0m11.121 ms - 1470[0m
[0mGET / [32m200 [0m10.245 ms - 665[0m
[0mPOST /HNAP1/ [33m404 [0m8.704 ms - 1470[0m
[0mGET /.env [33m404 [0m8.424 ms - 1470[0m
[0mPOST / [33m404 [0m13.040 ms - 1470[0m
[0mGET /.env [33m404 [0m8.028 ms - 1470[0m
[0mPOST / [33m404 [0m13.566 ms - 1470[0m
[0mGET /.env [33m404 [0m8.015 ms - 1470[0m
[0mPOST / [33m404 [0m23.847 ms - 1470[0m
[0mGET /.env [33m404 [0m22.199 ms - 1470[0m
[0mPOST / [33m404 [0m16.182 ms - 1470[0m
[0mGET / [32m200 [0m36.237 ms - 665[0m
[0mPOST /HNAP1/ [33m404 [0m30.991 ms - 1470[0m
[0mGET /.env [33m404 [0m19.594 ms - 1470[0m
[0mPOST / [33m404 [0m19.915 ms - 1470[0m
[0mGET / [32m200 [0m13.758 ms - 665[0m
[0mGET / [32m200 [0m26.148 ms - 665[0m
[0mGET /favicon.ico [33m404 [0m14.298 ms - 1470[0m
[0mGET /.env [33m404 [0m11.726 ms - 1470[0m
[0mPOST / [33m404 [0m19.553 ms - 1470[0m
[0mGET / [32m200 [0m16.491 ms - 665[0m
[0mPOST /HNAP1/ [33m404 [0m19.040 ms - 1470[0m
[0mGET /.env [33m404 [0m16.809 ms - 1470[0m
[0mPOST / [33m404 [0m8.345 ms - 1470[0m
[0mGET /.env [33m404 [0m16.555 ms - 1470[0m
[0mPOST / [33m404 [0m220.540 ms - 1470[0m
[0mGET /.git/config [33m404 [0m9.994 ms - 1470[0m
[0mGET / [32m200 [0m27.363 ms - 665[0m
[0mGET /.env [33m404 [0m10.821 ms - 1470[0m
[0mPOST / [33m404 [0m11.291 ms - 1470[0m
[0mGET /.env [33m404 [0m14.436 ms - 1470[0m
[0mPOST / [33m404 [0m7.916 ms - 1470[0m
[0mHEAD /Core/Skin/Login.aspx [33m404 [0m9.078 ms - 1470[0m
[0mGET / [32m200 [0m10.420 ms - 665[0m
[0mGET /.env [33m404 [0m11.976 ms - 1470[0m
[0mPOST / [33m404 [0m14.350 ms - 1470[0m
[0mGET /.env [33m404 [0m9.076 ms - 1470[0m
[0mPOST / [33m404 [0m10.821 ms - 1470[0m
[0mGET /.env [33m404 [0m8.872 ms - 1470[0m
[0mPOST / [33m404 [0m15.160 ms - 1470[0m
[0mGET /.env [33m404 [0m9.503 ms - 1470[0m
[0mPOST / [33m404 [0m13.786 ms - 1470[0m
[0mGET /manager/text/list [33m404 [0m10.615 ms - 1470[0m
[0mGET / [32m200 [0m7.339 ms - 665[0m
[0mGET / [32m200 [0m10.927 ms - 665[0m
[0mGET /favicon.ico [33m404 [0m12.304 ms - 1470[0m
[0mGET /.env [33m404 [0m14.056 ms - 1470[0m
[0mPOST / [33m404 [0m10.051 ms - 1470[0m
[0mGET / [32m200 [0m7.491 ms - 665[0m
[0mHEAD /Core/Skin/Login.aspx [33m404 [0m7.595 ms - 1470[0m
[0mGET /ReportServer [33m404 [0m8.243 ms - 1470[0m
[0mGET /.env [33m404 [0m26.945 ms - 1470[0m
[0mPOST / [33m404 [0m7.754 ms - 1470[0m
[0mGET /.env [33m404 [0m9.620 ms - 1470[0m
[0mPOST / [33m404 [0m13.197 ms - 1470[0m
[0mGET /actuator/health [33m404 [0m10.201 ms - 1470[0m
[0mPOST /GponForm/diag_Form?images/ [33m404 [0m8.161 ms - 1470[0m
[0mGET /.env [33m404 [0m8.485 ms - 1470[0m
[0mPOST / [33m404 [0m18.719 ms - 1470[0m
[0mGET /favicon.ico [33m404 [0m15.875 ms - 1470[0m
[0mGET /.env [33m404 [0m8.743 ms - 1470[0m
[0mPOST / [33m404 [0m62.105 ms - 1470[0m
[0mHEAD /Core/Skin/Login.aspx [33m404 [0m8.303 ms - 1470[0m
[0mGET /.git/HEAD [33m404 [0m11.178 ms - 1470[0m
[0mGET /.env [33m404 [0m12.819 ms - 1470[0m
[0mPOST / [33m404 [0m8.972 ms - 1470[0m
[0mGET /.env [33m404 [0m9.418 ms - 1470[0m
[0mPOST / [33m404 [0m7.678 ms - 1470[0m
[0mGET http://141.98.7.179/a.php?pro=18.226.150.154:80 [33m404 [0m8.391 ms - 1470[0m
[0mHEAD /Core/Skin/Login.aspx [33m404 [0m7.318 ms - 1470[0m
[0mGET /.env [33m404 [0m7.827 ms - 1470[0m
[0mPOST / [33m404 [0m8.354 ms - 1470[0m
[0mGET / [32m200 [0m21.313 ms - 665[0m
[0mGET / [32m200 [0m7.245 ms - 665[0m
[0mGET / [32m200 [0m9.826 ms - 665[0m
[0mGET /.env [33m404 [0m7.839 ms - 1470[0m
[0mPOST / [33m404 [0m7.378 ms - 1470[0m
[0mHEAD /Core/Skin/Login.aspx [33m404 [0m10.169 ms - 1470[0m
[0mGET / [32m200 [0m8.371 ms - 665[0m
[0mGET /Public/home/js/check.js [33m404 [0m10.222 ms - 1470[0m
[0mGET /static/admin/javascript/hetong.js [33m404 [0m10.968 ms - 1470[0m
[0mGET / [32m200 [0m7.904 ms - 665[0m
[0mGET /cf_scripts/scripts/ajax/ckeditor/ckeditor.js [33m404 [0m8.670 ms - 1470[0m
[0mGET /.env [33m404 [0m15.548 ms - 1470[0m
[0mPOST / [33m404 [0m130.047 ms - 1470[0m
[0mGET /.env [33m404 [0m10.307 ms - 1470[0m
[0mPOST / [33m404 [0m7.547 ms - 1470[0m
[0mHEAD /Core/Skin/Login.aspx [33m404 [0m8.296 ms - 1470[0m
[0mGET /.env [33m404 [0m7.421 ms - 1470[0m
[0mPOST / [33m404 [0m8.681 ms - 1470[0m
[0mGET /.env [33m404 [0m7.891 ms - 1470[0m
[0mPOST / [33m404 [0m7.890 ms - 1470[0m
[0mGET /vendor/phpunit/phpunit/src/Util/PHP/eval-stdin.php [33m404 [0m8.068 ms - 1470[0m
[0mGET /.env [33m404 [0m9.646 ms - 1470[0m
[0mPOST / [33m404 [0m303.839 ms - 1470[0m
[0mGET / [32m200 [0m6.809 ms - 665[0m
[0mHEAD /Core/Skin/Login.aspx [33m404 [0m8.151 ms - 1470[0m
[0mGET / [32m200 [0m7.965 ms - 665[0m
[0mGET /.env [33m404 [0m6.766 ms - 1470[0m
[0mPOST / [33m404 [0m11.378 ms - 1470[0m
[0mGET / [32m200 [0m7.135 ms - 665[0m
[0mGET /.env [33m404 [0m7.590 ms - 1470[0m
[0mPOST / [33m404 [0m8.497 ms - 1470[0m
[0mGET /.env [33m404 [0m14.211 ms - 1470[0m
[0mPOST / [33m404 [0m7.498 ms - 1470[0m
[0mGET /.env [33m404 [0m9.895 ms - 1470[0m
[0mPOST / [33m404 [0m11.157 ms - 1470[0m
[0mHEAD /Core/Skin/Login.aspx [33m404 [0m6.814 ms - 1470[0m
[0mGET / [32m200 [0m6.442 ms - 665[0m
[0mGET /.env [33m404 [0m7.490 ms - 1470[0m
[0mPOST / [33m404 [0m11.259 ms - 1470[0m
[0mGET /.env [33m404 [0m7.415 ms - 1470[0m
[0mPOST / [33m404 [0m8.485 ms - 1470[0m
[0mGET /.env [33m404 [0m7.169 ms - 1470[0m
[0mPOST / [33m404 [0m7.831 ms - 1470[0m
[0mHEAD /Core/Skin/Login.aspx [33m404 [0m8.622 ms - 1470[0m
[0mGET /.env [33m404 [0m19.165 ms - 1470[0m
[0mPOST / [33m404 [0m13.763 ms - 1470[0m
[0mGET http://141.98.7.179/a.php?pro=18.226.150.154:80 [33m404 [0m7.096 ms - 1470[0m
[0mGET /.env [33m404 [0m9.028 ms - 1470[0m
[0mPOST / [33m404 [0m7.031 ms - 1470[0m
[0mGET /.env [33m404 [0m6.967 ms - 1470[0m
[0mPOST / [33m404 [0m7.576 ms - 1470[0m
[0mGET / [32m200 [0m8.952 ms - 665[0m
[0mGET / [32m200 [0m10.310 ms - 665[0m
[0mGET /.env [33m404 [0m17.055 ms - 1470[0m
[0mPOST / [33m404 [0m16.699 ms - 1470[0m
[0mHEAD /Core/Skin/Login.aspx [33m404 [0m9.786 ms - 1470[0m
[0mGET /manager/html [33m404 [0m18.667 ms - 1470[0m
[0mGET / [32m200 [0m7.480 ms - 665[0m
[0mGET /favicon.ico [33m404 [0m7.699 ms - 1470[0m
[0mGET / [32m200 [0m7.515 ms - 665[0m
[0mHEAD /Core/Skin/Login.aspx [33m404 [0m10.596 ms - 1470[0m
[0mGET /.env [33m404 [0m12.912 ms - 1470[0m
[0mPOST / [33m404 [0m8.266 ms - 1470[0m
[0mGET / [32m200 [0m7.452 ms - 665[0m
[0mGET /.env [33m404 [0m6.544 ms - 1470[0m
[0mPOST / [33m404 [0m7.287 ms - 1470[0m
[0mGET /.env [33m404 [0m7.153 ms - 1470[0m
[0mPOST / [33m404 [0m7.612 ms - 1470[0m
[0mGET /.env [33m404 [0m8.408 ms - 1470[0m
[0mPOST / [33m404 [0m12.191 ms - 1470[0m
[0mGET /.env [33m404 [0m53.815 ms - 1470[0m
[0mGET /.env.save [33m404 [0m9.112 ms - 1470[0m
[0mGET /.env.prod [33m404 [0m7.261 ms - 1470[0m
[0mGET /.env.dev [33m404 [0m14.766 ms - 1470[0m
[0mGET /.env.backup [33m404 [0m39.875 ms - 1470[0m
[0mGET /vendor/.env%20 [33m404 [0m9.078 ms - 1470[0m
[0mGET /lib/.env%20 [33m404 [0m6.620 ms - 1470[0m
[0mGET /lab/.env%20%20 [33m404 [0m6.028 ms - 1470[0m
[0mGET /cronlab/.env [33m404 [0m6.755 ms - 1470[0m
[0mGET /cron/.env [33m404 [0m8.969 ms - 1470[0m
[0mGET /core/.env [33m404 [0m6.890 ms - 1470[0m
[0mGET /core/app/.env [33m404 [0m5.793 ms - 1470[0m
[0mGET /core/Database/.env%20 [33m404 [0m5.935 ms - 1470[0m
[0mGET /database/.env%20 [33m404 [0m6.044 ms - 1470[0m
[0mGET /system/.env [33m404 [0m8.731 ms - 1470[0m
[0mGET /config/.env%20 [33m404 [0m6.737 ms - 1470[0m
[0mGET /assets/.env%20 [33m404 [0m8.960 ms - 1470[0m
[0mGET /fileweb/.env [33m404 [0m11.095 ms - 1470[0m
[0mGET /l53/.env [33m404 [0m12.205 ms - 1470[0m
[0mGET /club/.env [33m404 [0m5.821 ms - 1470[0m
[0mGET /app/.env%20 [33m404 [0m8.017 ms - 1470[0m
[0mGET /apps/.env [33m404 [0m6.759 ms - 1470[0m
[0mGET /uploads/.env%20 [33m404 [0m6.373 ms - 1470[0m
[0mGET /sitemaps/.env%20 [33m404 [0m5.975 ms - 1470[0m
[0mGET /site/.env%20 [33m404 [0m6.133 ms - 1470[0m
[0mGET /admin/.env%20 [33m404 [0m6.003 ms - 1470[0m
[0mGET /web/.env%20 [33m404 [0m7.439 ms - 1470[0m
[0mGET /public/.env%20 [33m404 [0m6.378 ms - 1470[0m
[0mGET /resources/.env [33m404 [0m9.596 ms - 1470[0m
[0mGET /sistema/.env [33m404 [0m7.494 ms - 1470[0m
[0mGET /en/.env%20 [33m404 [0m8.224 ms - 1470[0m
[0mGET /tools/.env [33m404 [0m6.505 ms - 1470[0m
[0mGET /clientes/.env [33m404 [0m6.517 ms - 1470[0m
[0mGET /clientes/laravel_inbox/.env [33m404 [0m10.185 ms - 1470[0m
[0mGET /clientes/laravel/.env [33m404 [0m7.535 ms - 1470[0m
[0mGET /v1/.env%20 [33m404 [0m6.452 ms - 1470[0m
[0mGET /administrator/.env%20 [33m404 [0m5.782 ms - 1470[0m
[0mGET /laravel/.env [33m404 [0m5.816 ms - 1470[0m
[0mGET /website/.env [33m404 [0m5.540 ms - 1470[0m
[0mGET /api/.env [33m404 [0m6.757 ms - 1470[0m
[0mGET /vendor/.env [33m404 [0m9.432 ms - 1470[0m
[0mGET /local/.env [33m404 [0m6.690 ms - 1470[0m
[0mGET /web/.env [33m404 [0m7.312 ms - 1470[0m
[0mGET /home/.env [33m404 [0m6.219 ms - 1470[0m
[0mGET /main/.env [33m404 [0m6.086 ms - 1470[0m
[0mGET /pemerintah/.env [33m404 [0m6.736 ms - 1470[0m
[0mGET /api2/.env [33m404 [0m7.583 ms - 1470[0m
[0mGET /api3/.env [33m404 [0m6.705 ms - 1470[0m
[0mGET /webs/.env [33m404 [0m6.126 ms - 1470[0m
[0mGET /asset/.env [33m404 [0m6.893 ms - 1470[0m
[0mHEAD /Core/Skin/Login.aspx [33m404 [0m10.934 ms - 1470[0m
[0mGET /Temporary_Listen_Addresses [33m404 [0m11.390 ms - 1470[0m
[0mGET /Pages/log/ [33m404 [0m11.341 ms - 1470[0m
[0mGET /.env [33m404 [0m7.109 ms - 1470[0m
[0mPOST / [33m404 [0m8.240 ms - 1470[0m
[0mHEAD /Core/Skin/Login.aspx [33m404 [0m8.587 ms - 1470[0m
[0mGET /.env [33m404 [0m7.792 ms - 1470[0m
[0mPOST / [33m404 [0m8.887 ms - 1470[0m
[0mGET /.env [33m404 [0m7.384 ms - 1470[0m
[0mPOST / [33m404 [0m8.553 ms - 1470[0m
[0mGET / [32m200 [0m8.180 ms - 665[0m
[0mGET / [32m200 [0m12.420 ms - 665[0m
[0mGET /.env [33m404 [0m11.547 ms - 1470[0m
[0mPOST / [33m404 [0m7.482 ms - 1470[0m
[0mGET /.env [33m404 [0m11.192 ms - 1470[0m
[0mPOST / [33m404 [0m6.884 ms - 1470[0m
[0mGET /.env [33m404 [0m7.410 ms - 1470[0m
[0mPOST / [33m404 [0m8.117 ms - 1470[0m
[0mGET / [32m200 [0m6.704 ms - 665[0m
[0mHEAD /Core/Skin/Login.aspx [33m404 [0m7.538 ms - 1470[0m
[0mGET /.env [33m404 [0m9.049 ms - 1470[0m
[0mPOST / [33m404 [0m7.121 ms - 1470[0m
[0mGET / [32m200 [0m6.901 ms - 665[0m
[0mGET /favicon.ico [33m404 [0m7.591 ms - 1470[0m
[0mGET /.env [33m404 [0m8.271 ms - 1470[0m
[0mPOST / [33m404 [0m65.772 ms - 1470[0m
[0mGET / [32m200 [0m7.159 ms - 665[0m
[0mGET /.env [33m404 [0m7.895 ms - 1470[0m
[0mPOST / [33m404 [0m1069.590 ms - 1470[0m
[0mGET /.env.dist [33m404 [0m7.069 ms - 1470[0m
[0mPOST /.env.dist [33m404 [0m7.636 ms - 1470[0m
[0mGET /back/.env [33m404 [0m8.304 ms - 1470[0m
[0mPOST /back/.env [33m404 [0m8.507 ms - 1470[0m
[0mGET /admin-app/.env [33m404 [0m8.235 ms - 1470[0m
[0mPOST /admin-app/.env [33m404 [0m8.272 ms - 1470[0m
[0mGET /.env.project [33m404 [0m6.352 ms - 1470[0m
[0mPOST /.env.project [33m404 [0m6.940 ms - 1470[0m
[0mGET /app/.env [33m404 [0m7.160 ms - 1470[0m
[0mPOST /app/.env [33m404 [0m6.001 ms - 1470[0m
[0mGET /sources/.env [33m404 [0m5.827 ms - 1470[0m
[0mPOST /sources/.env [33m404 [0m6.142 ms - 1470[0m
[0mGET /shared/.env [33m404 [0m6.621 ms - 1470[0m
[0mPOST /shared/.env [33m404 [0m6.424 ms - 1470[0m
[0mGET /.env.save [33m404 [0m5.352 ms - 1470[0m
[0mPOST /.env.save [33m404 [0m8.709 ms - 1470[0m
[0mGET /core/.env [33m404 [0m8.164 ms - 1470[0m
[0mPOST /core/.env [33m404 [0m7.152 ms - 1470[0m
[0mGET /.aws/credentials [33m404 [0m14.309 ms - 1470[0m
[0mPOST /.aws/credentials [33m404 [0m6.934 ms - 1470[0m
[0mGET /enviroments/.env.production [33m404 [0m8.569 ms - 1470[0m
[0mPOST /enviroments/.env.production [33m404 [0m19.586 ms - 1470[0m
[0mGET /private/.env [33m404 [0m6.356 ms - 1470[0m
[0mPOST /private/.env [33m404 [0m7.429 ms - 1470[0m
[0mGET /.env.production [33m404 [0m6.470 ms - 1470[0m
[0mPOST /.env.production [33m404 [0m8.118 ms - 1470[0m
[0mGET /laravel/.env [33m404 [0m7.536 ms - 1470[0m
[0mPOST /laravel/.env [33m404 [0m7.897 ms - 1470[0m
[0mGET /apps/.env [33m404 [0m6.296 ms - 1470[0m
[0mPOST /apps/.env [33m404 [0m6.289 ms - 1470[0m
[0mGET /script/.env [33m404 [0m7.390 ms - 1470[0m
[0mPOST /script/.env [33m404 [0m7.343 ms - 1470[0m
[0mGET /.env.development [33m404 [0m8.624 ms - 1470[0m
[0mPOST /.env.development [33m404 [0m9.668 ms - 1470[0m
[0mGET /system/.env [33m404 [0m9.028 ms - 1470[0m
[0mPOST /system/.env [33m404 [0m5.728 ms - 1470[0m
[0mGET /api/.env [33m404 [0m11.637 ms - 1470[0m
[0mPOST /api/.env [33m404 [0m5.849 ms - 1470[0m
[0mGET /.env.prod [33m404 [0m5.138 ms - 1470[0m
[0mPOST /.env.prod [33m404 [0m7.528 ms - 1470[0m
[0mGET /docker/.env [33m404 [0m9.221 ms - 1470[0m
[0mPOST /docker/.env [33m404 [0m9.912 ms - 1470[0m
[0mGET /.env.old [33m404 [0m5.873 ms - 1470[0m
[0mPOST /.env.old [33m404 [0m9.682 ms - 1470[0m
[0mGET /enviroments/.env [33m404 [0m7.108 ms - 1470[0m
[0mPOST /enviroments/.env [33m404 [0m6.417 ms - 1470[0m
[0mGET /development/.env [33m404 [0m8.209 ms - 1470[0m
[0mPOST /development/.env [33m404 [0m10.110 ms - 1470[0m
[0mGET /application/.env [33m404 [0m7.365 ms - 1470[0m
[0mPOST /application/.env [33m404 [0m9.155 ms - 1470[0m
[0mGET /.env [33m404 [0m6.727 ms - 1470[0m
[0mPOST /.env [33m404 [0m6.172 ms - 1470[0m
[0mGET /cms/.env [33m404 [0m5.535 ms - 1470[0m
[0mPOST /cms/.env [33m404 [0m8.850 ms - 1470[0m
[0mGET /live_env [33m404 [0m5.953 ms - 1470[0m
[0mPOST /live_env [33m404 [0m6.095 ms - 1470[0m
[0mGET /frontend_dev.php/$ [33m404 [0m5.654 ms - 1470[0m
[0mGET /debug/default/view?panel=config [33m404 [0m6.889 ms - 1470[0m
[0mGET /.json [33m404 [0m6.256 ms - 1470[0m
[0mGET /config.json [33m404 [0m7.589 ms - 1470[0m
[0mGET /php_info.php [33m404 [0m7.856 ms - 1470[0m
[0mGET /testphpinfo [33m404 [0m8.283 ms - 1470[0m
[0mGET /phpinformation [33m404 [0m7.700 ms - 1470[0m
[0mGET /info/phpinfo.php [33m404 [0m7.079 ms - 1470[0m
[0mGET /phpinfo/phpinfo.php [33m404 [0m5.637 ms - 1470[0m
[0mGET /php.php [33m404 [0m5.963 ms - 1470[0m
[0mGET /viewinfo.php [33m404 [0m7.600 ms - 1470[0m
[0mGET /infophp.php [33m404 [0m6.949 ms - 1470[0m
[0mGET /_phpinfo.php [33m404 [0m6.644 ms - 1470[0m
[0mGET /phpinfo.php [33m404 [0m5.573 ms - 1470[0m
[0mGET /testphpinfo.php [33m404 [0m6.762 ms - 1470[0m
[0mGET /PHPConf.php [33m404 [0m5.925 ms - 1470[0m
[0mGET /phpinfo [33m404 [0m5.806 ms - 1470[0m
[0mGET /pinfo.php [33m404 [0m6.957 ms - 1470[0m
[0mGET /phptest.php [33m404 [0m6.758 ms - 1470[0m
[0mGET /_profiler/phpinfo [33m404 [0m7.933 ms - 1470[0m
[0mGET /info/info.php [33m404 [0m8.535 ms - 1470[0m
[0mGET /admin/phpinfo.php [33m404 [0m7.067 ms - 1470[0m
[0mGET /info.php [33m404 [0m7.181 ms - 1470[0m
[0mGET /information.php [33m404 [0m7.367 ms - 1470[0m
[0mGET /admin.php [33m404 [0m6.715 ms - 1470[0m
[0mGET /information [33m404 [0m7.355 ms - 1470[0m
[0mGET /scripts/phpinfo.php [33m404 [0m6.081 ms - 1470[0m
[0mGET /php-info.php [33m404 [0m6.034 ms - 1470[0m
[0mGET /phpversion.php [33m404 [0m10.064 ms - 1470[0m
[0mGET /.env [33m404 [0m7.293 ms - 1470[0m
[0mGET /.env [33m404 [0m7.350 ms - 1470[0m
[0mPOST / [33m404 [0m7.647 ms - 1470[0m
[0mGET /.env [33m404 [0m7.315 ms - 1470[0m
[0mPOST / [33m404 [0m7.649 ms - 1470[0m
[0mGET /.env [33m404 [0m9.778 ms - 1470[0m
[0mPOST / [33m404 [0m73.260 ms - 1470[0m
[0mGET / [32m200 [0m6.644 ms - 665[0m
[0mGET /.env [33m404 [0m6.391 ms - 1470[0m
[0mPOST / [33m404 [0m7.432 ms - 1470[0m
[0mGET / [32m200 [0m7.130 ms - 665[0m
[0mGET / [32m200 [0m12.951 ms - 665[0m
[0mGET /favicon.ico [33m404 [0m7.815 ms - 1470[0m
[0mGET /favicon.ico [33m404 [0m7.743 ms - 1470[0m
[0mGET /.env [33m404 [0m12.318 ms - 1470[0m
[0mPOST / [33m404 [0m10.473 ms - 1470[0m
[0mGET /.env [33m404 [0m6.620 ms - 1470[0m
[0mPOST / [33m404 [0m7.751 ms - 1470[0m
[0mGET / [32m200 [0m9.100 ms - 665[0m
[0mGET / [32m200 [0m9.442 ms - 665[0m
[0mGET /robots.txt [33m404 [0m7.993 ms - 1470[0m
[0mGET /sitemap.xml [33m404 [0m7.104 ms - 1470[0m
[0mGET /.well-known/security.txt [33m404 [0m7.548 ms - 1470[0m
[0mGET /favicon.ico [33m404 [0m12.166 ms - 1470[0m
[0mGET / [32m200 [0m6.460 ms - 665[0m
[0mGET / [32m200 [0m139.686 ms - 665[0m
[0mGET /favicon.ico [33m404 [0m21.260 ms - 1470[0m
[0mGET /geoserver/web/ [33m404 [0m9.221 ms - 1470[0m
[0mGET /.env [33m404 [0m9.013 ms - 1470[0m
[0mPOST / [33m404 [0m10.897 ms - 1470[0m
[0mGET /.env [33m404 [0m13.530 ms - 1470[0m
[0mPOST / [33m404 [0m11.608 ms - 1470[0m
[0mGET / [32m200 [0m8.090 ms - 665[0m
[0mGET /Public/home/js/check.js [33m404 [0m7.813 ms - 1470[0m
[0mGET /static/admin/javascript/hetong.js [33m404 [0m8.088 ms - 1470[0m
[0mGET / [32m200 [0m8.352 ms - 665[0m
[0mGET /.env [33m404 [0m7.999 ms - 1470[0m
[0mPOST / [33m404 [0m8.159 ms - 1470[0m
[0mOPTIONS / [32m200 [0m4.158 ms - 8[0m
[0mGET /.env [33m404 [0m8.854 ms - 1470[0m
[0mPOST / [33m404 [0m8.670 ms - 1470[0m
[0mGET /.git/config [33m404 [0m11.045 ms - 1470[0m
[0mGET /.git/config [33m404 [0m7.542 ms - 1470[0m
[0mGET /.git/config [33m404 [0m9.566 ms - 1470[0m
[0mGET /.git/config [33m404 [0m6.417 ms - 1470[0m
[0mGET /.env [33m404 [0m11.183 ms - 1470[0m
[0mGET / [32m200 [0m7.782 ms - 665[0m
[0mPOST /HNAP1/ [33m404 [0m7.171 ms - 1470[0m
[0mGET / [32m200 [0m7.649 ms - 665[0m
[0mGET / [32m200 [0m7.070 ms - 665[0m
[0mGET / [32m200 [0m6.484 ms - 665[0m
[0mGET /favicon.ico [33m404 [0m7.638 ms - 1470[0m
[0mGET /.env [33m404 [0m11.368 ms - 1470[0m
[0mGET /.env [33m404 [0m20.248 ms - 1470[0m
[0mPOST / [33m404 [0m7.913 ms - 1470[0m
[0mGET /portal/redlion [33m404 [0m10.619 ms - 1470[0m
[0mGET / [32m200 [0m6.970 ms - 665[0m
[0mGET / [32m200 [0m7.262 ms - 665[0m
[0mGET /.env [33m404 [0m14.885 ms - 1470[0m
[0mPOST / [33m404 [0m7.286 ms - 1470[0m
[0mGET /_profiler/phpinfo [33m404 [0m8.412 ms - 1470[0m
[0mGET /.env [33m404 [0m8.900 ms - 1470[0m
[0mPOST / [33m404 [0m8.075 ms - 1470[0m
[0mGET /.env [33m404 [0m8.247 ms - 1470[0m
[0mPOST / [33m404 [0m10.188 ms - 1470[0m
[0mGET /_profiler/phpinfo [33m404 [0m7.732 ms - 1470[0m
[0mGET /.aws/config [33m404 [0m6.987 ms - 1470[0m
[0mGET /.env [33m404 [0m7.557 ms - 1470[0m
[0mGET /.aws/credentials [33m404 [0m11.035 ms - 1470[0m
[0mGET /wp-config.php-backup [33m404 [0m6.926 ms - 1470[0m
[0mGET /api/.env [33m404 [0m8.166 ms - 1470[0m
[0mGET /.env.production [33m404 [0m6.447 ms - 1470[0m
[0mGET /.env.local [33m404 [0m5.681 ms - 1470[0m
[0mGET /.s3cfg [33m404 [0m6.191 ms - 1470[0m
[0mGET /.env.save [33m404 [0m5.876 ms - 1470[0m
[0mGET /.env [33m404 [0m7.019 ms - 1470[0m
[0mPOST / [33m404 [0m8.014 ms - 1470[0m
[0mGET / [32m200 [0m7.091 ms - 665[0m
[0mGET / [32m200 [0m8.365 ms - 665[0m
[0mPOST /HNAP1/ [33m404 [0m7.643 ms - 1470[0m
[0mGET /.env [33m404 [0m7.137 ms - 1470[0m
[0mPOST / [33m404 [0m8.888 ms - 1470[0m
[0mGET /.env [33m404 [0m7.076 ms - 1470[0m
[0mPOST / [33m404 [0m9.501 ms - 1470[0m
[0mGET / [32m200 [0m7.172 ms - 665[0m
[0mGET /favicon.ico [33m404 [0m10.149 ms - 1470[0m
[0mGET /robots.txt [33m404 [0m13.461 ms - 1470[0m
[0mGET /sitemap.xml [33m404 [0m14.041 ms - 1470[0m
[0mHEAD /Core/Skin/Login.aspx [33m404 [0m7.340 ms - 1470[0m
[0mGET / [32m200 [0m6.969 ms - 665[0m
[0mGET / [36m304 [0m6.154 ms - -[0m
[0mGET /stylesheets/style.css [36m304 [0m6.411 ms - -[0m
[0mGET /blogList [36m304 [0m15.450 ms - -[0m
[0mGET /stylesheets/style.css [36m304 [0m0.373 ms - -[0m
[0mGET /blogAdd [36m304 [0m8.249 ms - -[0m
[0mGET /stylesheets/style.css [36m304 [0m0.397 ms - -[0m
[0mGET /blogList [36m304 [0m8.688 ms - -[0m
[0mGET /stylesheets/style.css [36m304 [0m0.385 ms - -[0m
[0mGET / [36m304 [0m9.779 ms - -[0m
[0mGET /stylesheets/style.css [36m304 [0m0.378 ms - -[0m
[0mGET /.env [33m404 [0m9.033 ms - 1470[0m
[0mPOST / [33m404 [0m10.914 ms - 1470[0m
[0mGET /.env [33m404 [0m7.586 ms - 1470[0m
[0mPOST / [33m404 [0m7.096 ms - 1470[0m
[0mGET /.env [33m404 [0m9.673 ms - 1470[0m
[0mPOST / [33m404 [0m9.887 ms - 1470[0m
[0mGET /.env [33m404 [0m12.010 ms - 1470[0m
[0mPOST / [33m404 [0m8.004 ms - 1470[0m
[0mGET / [32m200 [0m6.575 ms - 665[0m
[0mGET / [36m304 [0m8.233 ms - -[0m
[0mGET /stylesheets/style.css [36m304 [0m0.401 ms - -[0m
[0mGET /blogList [36m304 [0m9.064 ms - -[0m
[0mGET /stylesheets/style.css [36m304 [0m0.485 ms - -[0m
[0mGET /blogAdd [36m304 [0m11.315 ms - -[0m
[0mGET /stylesheets/style.css [36m304 [0m1.113 ms - -[0m
[0mGET /blogList [36m304 [0m9.604 ms - -[0m
[0mGET /stylesheets/style.css [36m304 [0m0.542 ms - -[0m
[0mGET / [36m304 [0m8.172 ms - -[0m
[0mGET /stylesheets/style.css [36m304 [0m0.436 ms - -[0m
[0mGET /blogList [36m304 [0m6.367 ms - -[0m
[0mGET /stylesheets/style.css [36m304 [0m0.385 ms - -[0m
[0mGET /blogAdd [36m304 [0m6.441 ms - -[0m
[0mGET /stylesheets/style.css [36m304 [0m0.369 ms - -[0m
[0mGET / [32m200 [0m6.507 ms - 665[0m
[0mGET /.env [33m404 [0m6.335 ms - 1470[0m
[0mPOST / [33m404 [0m9.619 ms - 1470[0m
[0mGET / [36m304 [0m6.481 ms - -[0m
[0mGET /stylesheets/style.css [36m304 [0m0.477 ms - -[0m
[0mGET /blogList [36m304 [0m8.292 ms - -[0m
[0mGET /stylesheets/style.css [36m304 [0m0.647 ms - -[0m
[0mGET /blogAdd [36m304 [0m10.612 ms - -[0m
[0mGET /stylesheets/style.css [36m304 [0m0.402 ms - -[0m
[0mGET / [36m304 [0m7.174 ms - -[0m
[0mGET /stylesheets/style.css [36m304 [0m0.370 ms - -[0m
[0mGET /blogList [36m304 [0m6.928 ms - -[0m
[0mGET /stylesheets/style.css [36m304 [0m0.411 ms - -[0m
[0mGET /blogAdd [36m304 [0m6.122 ms - -[0m
[0mGET /stylesheets/style.css [36m304 [0m0.716 ms - -[0m
[0mGET /blogList [36m304 [0m10.643 ms - -[0m
[0mGET /stylesheets/style.css [36m304 [0m0.436 ms - -[0m
[0mGET / [36m304 [0m5.636 ms - -[0m
[0mGET /stylesheets/style.css [36m304 [0m0.341 ms - -[0m
[0mGET /.env [33m404 [0m6.336 ms - 1470[0m
[0mPOST / [33m404 [0m7.946 ms - 1470[0m
